{"C:\\Users\\crist\\Escritorio\\Files\\Develop\\Cursos\\Node\\first-node\\src\\fundations\\01-template.ts": {"path":"C:\\Users\\crist\\Escritorio\\Files\\Develop\\Cursos\\Node\\first-node\\src\\fundations\\01-template.ts","all":false,"statementMap":{"0":{"start":{"line":1,"column":0},"end":{"line":1,"column":38}},"1":{"start":{"line":2,"column":0},"end":{"line":2,"column":10}},"2":{"start":{"line":3,"column":0},"end":{"line":3,"column":35}},"3":{"start":{"line":4,"column":0},"end":{"line":4,"column":40}},"4":{"start":{"line":5,"column":0},"end":{"line":5,"column":10}},"5":{"start":{"line":6,"column":0},"end":{"line":6,"column":2}}},"s":{"0":1,"1":1,"2":1,"3":1,"4":1,"5":1},"branchMap":{},"b":{},"fnMap":{},"f":{}}
,"C:\\Users\\crist\\Escritorio\\Files\\Develop\\Cursos\\Node\\first-node\\src\\fundations\\02-destructuring.ts": {"path":"C:\\Users\\crist\\Escritorio\\Files\\Develop\\Cursos\\Node\\first-node\\src\\fundations\\02-destructuring.ts","all":false,"statementMap":{"0":{"start":{"line":1,"column":0},"end":{"line":1,"column":0}},"1":{"start":{"line":2,"column":0},"end":{"line":2,"column":70}},"2":{"start":{"line":3,"column":0},"end":{"line":3,"column":0}},"3":{"start":{"line":4,"column":0},"end":{"line":4,"column":41}}},"s":{"0":1,"1":1,"2":1,"3":1},"branchMap":{},"b":{},"fnMap":{},"f":{}}
,"C:\\Users\\crist\\Escritorio\\Files\\Develop\\Cursos\\Node\\first-node\\src\\fundations\\03-callbacks.ts": {"path":"C:\\Users\\crist\\Escritorio\\Files\\Develop\\Cursos\\Node\\first-node\\src\\fundations\\03-callbacks.ts","all":false,"statementMap":{"0":{"start":{"line":1,"column":0},"end":{"line":1,"column":16}},"1":{"start":{"line":2,"column":0},"end":{"line":2,"column":12}},"2":{"start":{"line":3,"column":0},"end":{"line":3,"column":14}},"3":{"start":{"line":4,"column":0},"end":{"line":4,"column":13}},"4":{"start":{"line":5,"column":0},"end":{"line":5,"column":1}},"5":{"start":{"line":6,"column":0},"end":{"line":6,"column":0}},"6":{"start":{"line":7,"column":0},"end":{"line":7,"column":23}},"7":{"start":{"line":8,"column":0},"end":{"line":8,"column":38}},"8":{"start":{"line":9,"column":0},"end":{"line":9,"column":40}},"9":{"start":{"line":10,"column":0},"end":{"line":10,"column":2}},"10":{"start":{"line":11,"column":0},"end":{"line":11,"column":0}},"11":{"start":{"line":12,"column":0},"end":{"line":12,"column":91}},"12":{"start":{"line":13,"column":0},"end":{"line":13,"column":51}},"13":{"start":{"line":14,"column":0},"end":{"line":14,"column":13}},"14":{"start":{"line":15,"column":0},"end":{"line":15,"column":51}},"15":{"start":{"line":16,"column":0},"end":{"line":16,"column":2}},"16":{"start":{"line":17,"column":0},"end":{"line":17,"column":34}},"17":{"start":{"line":18,"column":0},"end":{"line":18,"column":2}}},"s":{"0":1,"1":1,"2":1,"3":1,"4":1,"5":1,"6":1,"7":1,"8":1,"9":1,"10":1,"11":1,"12":2,"13":2,"14":1,"15":1,"16":1,"17":1},"branchMap":{"0":{"type":"branch","line":12,"loc":{"start":{"line":12,"column":27},"end":{"line":18,"column":2}},"locations":[{"start":{"line":12,"column":27},"end":{"line":18,"column":2}}]},"1":{"type":"branch","line":14,"loc":{"start":{"line":14,"column":12},"end":{"line":18,"column":2}},"locations":[{"start":{"line":14,"column":12},"end":{"line":18,"column":2}}]},"2":{"type":"branch","line":13,"loc":{"start":{"line":13,"column":25},"end":{"line":13,"column":49}},"locations":[{"start":{"line":13,"column":25},"end":{"line":13,"column":49}}]}},"b":{"0":[2],"1":[1],"2":[4]},"fnMap":{"0":{"name":"getUserById","decl":{"start":{"line":12,"column":27},"end":{"line":18,"column":2}},"loc":{"start":{"line":12,"column":27},"end":{"line":18,"column":2}},"line":12}},"f":{"0":2}}
,"C:\\Users\\crist\\Escritorio\\Files\\Develop\\Cursos\\Node\\first-node\\src\\fundations\\05-factory.ts": {"path":"C:\\Users\\crist\\Escritorio\\Files\\Develop\\Cursos\\Node\\first-node\\src\\fundations\\05-factory.ts","all":false,"statementMap":{"0":{"start":{"line":1,"column":0},"end":{"line":1,"column":0}},"1":{"start":{"line":2,"column":0},"end":{"line":2,"column":17}},"2":{"start":{"line":3,"column":0},"end":{"line":3,"column":37}},"3":{"start":{"line":4,"column":0},"end":{"line":4,"column":22}},"4":{"start":{"line":5,"column":0},"end":{"line":5,"column":1}},"5":{"start":{"line":6,"column":0},"end":{"line":6,"column":0}},"6":{"start":{"line":7,"column":0},"end":{"line":7,"column":65}},"7":{"start":{"line":8,"column":0},"end":{"line":8,"column":46}},"8":{"start":{"line":9,"column":0},"end":{"line":9,"column":10}},"9":{"start":{"line":10,"column":0},"end":{"line":10,"column":18}},"10":{"start":{"line":11,"column":0},"end":{"line":11,"column":8}},"11":{"start":{"line":12,"column":0},"end":{"line":12,"column":26}},"12":{"start":{"line":13,"column":0},"end":{"line":13,"column":24}},"13":{"start":{"line":14,"column":0},"end":{"line":14,"column":4}},"14":{"start":{"line":15,"column":0},"end":{"line":15,"column":3}},"15":{"start":{"line":16,"column":0},"end":{"line":16,"column":2}}},"s":{"0":1,"1":1,"2":1,"3":1,"4":1,"5":1,"6":1,"7":2,"8":1,"9":1,"10":1,"11":1,"12":1,"13":1,"14":2,"15":2},"branchMap":{"0":{"type":"branch","line":7,"loc":{"start":{"line":7,"column":31},"end":{"line":16,"column":2}},"locations":[{"start":{"line":7,"column":31},"end":{"line":16,"column":2}}]},"1":{"type":"branch","line":8,"loc":{"start":{"line":8,"column":8},"end":{"line":15,"column":2}},"locations":[{"start":{"line":8,"column":8},"end":{"line":15,"column":2}}]}},"b":{"0":[2],"1":[1]},"fnMap":{"0":{"name":"buildMakePerson","decl":{"start":{"line":7,"column":31},"end":{"line":16,"column":2}},"loc":{"start":{"line":7,"column":31},"end":{"line":16,"column":2}},"line":7}},"f":{"0":2}}
,"C:\\Users\\crist\\Escritorio\\Files\\Develop\\Cursos\\Node\\first-node\\src\\fundations\\06-promises.ts": {"path":"C:\\Users\\crist\\Escritorio\\Files\\Develop\\Cursos\\Node\\first-node\\src\\fundations\\06-promises.ts","all":false,"statementMap":{"0":{"start":{"line":1,"column":0},"end":{"line":1,"column":54}},"1":{"start":{"line":2,"column":0},"end":{"line":2,"column":0}},"2":{"start":{"line":3,"column":0},"end":{"line":3,"column":0}},"3":{"start":{"line":4,"column":0},"end":{"line":4,"column":54}},"4":{"start":{"line":5,"column":0},"end":{"line":5,"column":11}},"5":{"start":{"line":6,"column":0},"end":{"line":6,"column":32}},"6":{"start":{"line":7,"column":0},"end":{"line":7,"column":2}},"7":{"start":{"line":8,"column":0},"end":{"line":8,"column":0}},"8":{"start":{"line":9,"column":0},"end":{"line":9,"column":76}},"9":{"start":{"line":10,"column":0},"end":{"line":10,"column":59}},"10":{"start":{"line":11,"column":0},"end":{"line":11,"column":13}},"11":{"start":{"line":12,"column":0},"end":{"line":12,"column":2}}},"s":{"0":1,"1":1,"2":1,"3":1,"4":3,"5":1,"6":1,"7":2,"8":2,"9":3,"10":1,"11":1},"branchMap":{"0":{"type":"branch","line":4,"loc":{"start":{"line":4,"column":30},"end":{"line":12,"column":2}},"locations":[{"start":{"line":4,"column":30},"end":{"line":12,"column":2}}]},"1":{"type":"branch","line":4,"loc":{"start":{"line":4,"column":52},"end":{"line":12,"column":2}},"locations":[{"start":{"line":4,"column":52},"end":{"line":12,"column":2}}]},"2":{"type":"branch","line":5,"loc":{"start":{"line":5,"column":10},"end":{"line":7,"column":2}},"locations":[{"start":{"line":5,"column":10},"end":{"line":7,"column":2}}]},"3":{"type":"branch","line":8,"loc":{"start":{"line":8,"column":-2},"end":{"line":9,"column":76}},"locations":[{"start":{"line":8,"column":-2},"end":{"line":9,"column":76}}]},"4":{"type":"branch","line":10,"loc":{"start":{"line":10,"column":-2},"end":{"line":10,"column":18}},"locations":[{"start":{"line":10,"column":-2},"end":{"line":10,"column":18}}]},"5":{"type":"branch","line":10,"loc":{"start":{"line":10,"column":12},"end":{"line":10,"column":59}},"locations":[{"start":{"line":10,"column":12},"end":{"line":10,"column":59}}]},"6":{"type":"branch","line":11,"loc":{"start":{"line":11,"column":-2},"end":{"line":12,"column":2}},"locations":[{"start":{"line":11,"column":-2},"end":{"line":12,"column":2}}]}},"b":{"0":[3],"1":[3],"2":[1],"3":[2],"4":[1],"5":[0],"6":[1]},"fnMap":{"0":{"name":"getPokemonById","decl":{"start":{"line":4,"column":30},"end":{"line":12,"column":2}},"loc":{"start":{"line":4,"column":30},"end":{"line":12,"column":2}},"line":4}},"f":{"0":3}}
,"C:\\Users\\crist\\Escritorio\\Files\\Develop\\Cursos\\Node\\first-node\\src\\plugins\\get-age.plugin.ts": {"path":"C:\\Users\\crist\\Escritorio\\Files\\Develop\\Cursos\\Node\\first-node\\src\\plugins\\get-age.plugin.ts","all":false,"statementMap":{"0":{"start":{"line":1,"column":0},"end":{"line":1,"column":0}},"1":{"start":{"line":2,"column":0},"end":{"line":2,"column":0}},"2":{"start":{"line":3,"column":0},"end":{"line":3,"column":46}},"3":{"start":{"line":4,"column":0},"end":{"line":4,"column":59}},"4":{"start":{"line":5,"column":0},"end":{"line":5,"column":69}},"5":{"start":{"line":6,"column":0},"end":{"line":6,"column":2}}},"s":{"0":1,"1":1,"2":1,"3":3,"4":2,"5":2},"branchMap":{"0":{"type":"branch","line":3,"loc":{"start":{"line":3,"column":22},"end":{"line":6,"column":2}},"locations":[{"start":{"line":3,"column":22},"end":{"line":6,"column":2}}]},"1":{"type":"branch","line":4,"loc":{"start":{"line":4,"column":17},"end":{"line":4,"column":59}},"locations":[{"start":{"line":4,"column":17},"end":{"line":4,"column":59}}]},"2":{"type":"branch","line":5,"loc":{"start":{"line":5,"column":-2},"end":{"line":6,"column":2}},"locations":[{"start":{"line":5,"column":-2},"end":{"line":6,"column":2}}]}},"b":{"0":[3],"1":[1],"2":[2]},"fnMap":{"0":{"name":"getAge","decl":{"start":{"line":3,"column":22},"end":{"line":6,"column":2}},"loc":{"start":{"line":3,"column":22},"end":{"line":6,"column":2}},"line":3}},"f":{"0":3}}
,"C:\\Users\\crist\\Escritorio\\Files\\Develop\\Cursos\\Node\\first-node\\src\\plugins\\http-client.plugin.ts": {"path":"C:\\Users\\crist\\Escritorio\\Files\\Develop\\Cursos\\Node\\first-node\\src\\plugins\\http-client.plugin.ts","all":false,"statementMap":{"0":{"start":{"line":1,"column":0},"end":{"line":1,"column":26}},"1":{"start":{"line":2,"column":0},"end":{"line":2,"column":0}},"2":{"start":{"line":3,"column":0},"end":{"line":3,"column":0}},"3":{"start":{"line":4,"column":0},"end":{"line":4,"column":33}},"4":{"start":{"line":5,"column":0},"end":{"line":5,"column":28}},"5":{"start":{"line":6,"column":0},"end":{"line":6,"column":13}},"6":{"start":{"line":7,"column":0},"end":{"line":7,"column":12}},"7":{"start":{"line":8,"column":0},"end":{"line":8,"column":37}},"8":{"start":{"line":9,"column":0},"end":{"line":9,"column":28}},"9":{"start":{"line":10,"column":0},"end":{"line":10,"column":43}},"10":{"start":{"line":11,"column":0},"end":{"line":11,"column":13}},"11":{"start":{"line":12,"column":0},"end":{"line":12,"column":19}},"12":{"start":{"line":13,"column":0},"end":{"line":13,"column":37}},"13":{"start":{"line":14,"column":0},"end":{"line":14,"column":28}},"14":{"start":{"line":15,"column":0},"end":{"line":15,"column":42}},"15":{"start":{"line":16,"column":0},"end":{"line":16,"column":13}},"16":{"start":{"line":17,"column":0},"end":{"line":17,"column":18}},"17":{"start":{"line":18,"column":0},"end":{"line":18,"column":37}},"18":{"start":{"line":19,"column":0},"end":{"line":19,"column":28}},"19":{"start":{"line":20,"column":0},"end":{"line":20,"column":31}},"20":{"start":{"line":21,"column":0},"end":{"line":21,"column":13}},"21":{"start":{"line":22,"column":0},"end":{"line":22,"column":15}},"22":{"start":{"line":23,"column":0},"end":{"line":23,"column":37}},"23":{"start":{"line":24,"column":0},"end":{"line":24,"column":28}},"24":{"start":{"line":25,"column":0},"end":{"line":25,"column":2}}},"s":{"0":1,"1":1,"2":1,"3":1,"4":1,"5":4,"6":4,"7":4,"8":4,"9":1,"10":2,"11":2,"12":2,"13":2,"14":1,"15":0,"16":0,"17":0,"18":0,"19":1,"20":0,"21":0,"22":0,"23":0,"24":1},"branchMap":{"0":{"type":"branch","line":5,"loc":{"start":{"line":5,"column":6},"end":{"line":9,"column":28}},"locations":[{"start":{"line":5,"column":6},"end":{"line":9,"column":28}}]},"1":{"type":"branch","line":6,"loc":{"start":{"line":6,"column":-2},"end":{"line":9,"column":28}},"locations":[{"start":{"line":6,"column":-2},"end":{"line":9,"column":28}}]},"2":{"type":"branch","line":8,"loc":{"start":{"line":8,"column":9},"end":{"line":8,"column":36}},"locations":[{"start":{"line":8,"column":9},"end":{"line":8,"column":36}}]},"3":{"type":"branch","line":9,"loc":{"start":{"line":9,"column":10},"end":{"line":9,"column":26}},"locations":[{"start":{"line":9,"column":10},"end":{"line":9,"column":26}}]},"4":{"type":"branch","line":10,"loc":{"start":{"line":10,"column":7},"end":{"line":14,"column":28}},"locations":[{"start":{"line":10,"column":7},"end":{"line":14,"column":28}}]},"5":{"type":"branch","line":11,"loc":{"start":{"line":11,"column":-2},"end":{"line":14,"column":28}},"locations":[{"start":{"line":11,"column":-2},"end":{"line":14,"column":28}}]},"6":{"type":"branch","line":13,"loc":{"start":{"line":13,"column":9},"end":{"line":13,"column":36}},"locations":[{"start":{"line":13,"column":9},"end":{"line":13,"column":36}}]},"7":{"type":"branch","line":14,"loc":{"start":{"line":14,"column":10},"end":{"line":14,"column":26}},"locations":[{"start":{"line":14,"column":10},"end":{"line":14,"column":26}}]}},"b":{"0":[4],"1":[4],"2":[2],"3":[1],"4":[2],"5":[2],"6":[1],"7":[1]},"fnMap":{"0":{"name":"get","decl":{"start":{"line":5,"column":6},"end":{"line":9,"column":28}},"loc":{"start":{"line":5,"column":6},"end":{"line":9,"column":28}},"line":5},"1":{"name":"post","decl":{"start":{"line":10,"column":7},"end":{"line":14,"column":28}},"loc":{"start":{"line":10,"column":7},"end":{"line":14,"column":28}},"line":10},"2":{"name":"put","decl":{"start":{"line":15,"column":6},"end":{"line":19,"column":28}},"loc":{"start":{"line":15,"column":6},"end":{"line":19,"column":28}},"line":15},"3":{"name":"delete","decl":{"start":{"line":20,"column":9},"end":{"line":24,"column":28}},"loc":{"start":{"line":20,"column":9},"end":{"line":24,"column":28}},"line":20}},"f":{"0":4,"1":2,"2":0,"3":0}}
,"C:\\Users\\crist\\Escritorio\\Files\\Develop\\Cursos\\Node\\first-node\\src\\plugins\\index.ts": {"path":"C:\\Users\\crist\\Escritorio\\Files\\Develop\\Cursos\\Node\\first-node\\src\\plugins\\index.ts","all":false,"statementMap":{"0":{"start":{"line":1,"column":0},"end":{"line":1,"column":33}},"1":{"start":{"line":2,"column":0},"end":{"line":2,"column":37}},"2":{"start":{"line":3,"column":0},"end":{"line":3,"column":32}},"3":{"start":{"line":4,"column":0},"end":{"line":4,"column":30}}},"s":{"0":1,"1":1,"2":1,"3":1},"branchMap":{},"b":{},"fnMap":{},"f":{}}
,"C:\\Users\\crist\\Escritorio\\Files\\Develop\\Cursos\\Node\\first-node\\src\\plugins\\logger.plugin.ts": {"path":"C:\\Users\\crist\\Escritorio\\Files\\Develop\\Cursos\\Node\\first-node\\src\\plugins\\logger.plugin.ts","all":false,"statementMap":{"0":{"start":{"line":1,"column":0},"end":{"line":1,"column":42}},"1":{"start":{"line":2,"column":0},"end":{"line":2,"column":0}},"2":{"start":{"line":3,"column":0},"end":{"line":3,"column":44}},"3":{"start":{"line":4,"column":0},"end":{"line":4,"column":0}},"4":{"start":{"line":5,"column":0},"end":{"line":5,"column":44}},"5":{"start":{"line":6,"column":0},"end":{"line":6,"column":15}},"6":{"start":{"line":7,"column":0},"end":{"line":7,"column":38}},"7":{"start":{"line":8,"column":0},"end":{"line":8,"column":45}},"8":{"start":{"line":9,"column":0},"end":{"line":9,"column":14}},"9":{"start":{"line":10,"column":0},"end":{"line":10,"column":4}},"10":{"start":{"line":11,"column":0},"end":{"line":11,"column":77}},"11":{"start":{"line":12,"column":0},"end":{"line":12,"column":79}},"12":{"start":{"line":13,"column":0},"end":{"line":13,"column":4}},"13":{"start":{"line":14,"column":0},"end":{"line":14,"column":73}},"14":{"start":{"line":15,"column":0},"end":{"line":15,"column":60}},"15":{"start":{"line":16,"column":0},"end":{"line":16,"column":3}},"16":{"start":{"line":17,"column":0},"end":{"line":17,"column":3}},"17":{"start":{"line":18,"column":0},"end":{"line":18,"column":0}},"18":{"start":{"line":19,"column":0},"end":{"line":19,"column":11}},"19":{"start":{"line":20,"column":0},"end":{"line":20,"column":33}},"20":{"start":{"line":21,"column":0},"end":{"line":21,"column":34}},"21":{"start":{"line":22,"column":0},"end":{"line":22,"column":4}},"22":{"start":{"line":23,"column":0},"end":{"line":23,"column":2}},"23":{"start":{"line":24,"column":0},"end":{"line":24,"column":0}},"24":{"start":{"line":25,"column":0},"end":{"line":25,"column":49}},"25":{"start":{"line":26,"column":0},"end":{"line":26,"column":9}},"26":{"start":{"line":27,"column":0},"end":{"line":27,"column":29}},"27":{"start":{"line":28,"column":0},"end":{"line":28,"column":44}},"28":{"start":{"line":29,"column":0},"end":{"line":29,"column":4}},"29":{"start":{"line":30,"column":0},"end":{"line":30,"column":31}},"30":{"start":{"line":31,"column":0},"end":{"line":31,"column":63}},"31":{"start":{"line":32,"column":0},"end":{"line":32,"column":4}},"32":{"start":{"line":33,"column":0},"end":{"line":33,"column":3}},"33":{"start":{"line":34,"column":0},"end":{"line":34,"column":2}}},"s":{"0":1,"1":1,"2":1,"3":1,"4":1,"5":1,"6":1,"7":1,"8":1,"9":1,"10":1,"11":1,"12":1,"13":1,"14":1,"15":1,"16":1,"17":1,"18":1,"19":1,"20":1,"21":1,"22":1,"23":1,"24":1,"25":3,"26":3,"27":1,"28":3,"29":3,"30":1,"31":3,"32":3,"33":3},"branchMap":{"0":{"type":"branch","line":25,"loc":{"start":{"line":25,"column":27},"end":{"line":34,"column":2}},"locations":[{"start":{"line":25,"column":27},"end":{"line":34,"column":2}}]},"1":{"type":"branch","line":27,"loc":{"start":{"line":27,"column":7},"end":{"line":29,"column":3}},"locations":[{"start":{"line":27,"column":7},"end":{"line":29,"column":3}}]},"2":{"type":"branch","line":30,"loc":{"start":{"line":30,"column":9},"end":{"line":32,"column":3}},"locations":[{"start":{"line":30,"column":9},"end":{"line":32,"column":3}}]}},"b":{"0":[3],"1":[1],"2":[1]},"fnMap":{"0":{"name":"buildLogger","decl":{"start":{"line":25,"column":27},"end":{"line":34,"column":2}},"loc":{"start":{"line":25,"column":27},"end":{"line":34,"column":2}},"line":25},"1":{"name":"log","decl":{"start":{"line":27,"column":7},"end":{"line":29,"column":3}},"loc":{"start":{"line":27,"column":7},"end":{"line":29,"column":3}},"line":27},"2":{"name":"error","decl":{"start":{"line":30,"column":9},"end":{"line":32,"column":3}},"loc":{"start":{"line":30,"column":9},"end":{"line":32,"column":3}},"line":30}},"f":{"0":3,"1":1,"2":1}}
,"C:\\Users\\crist\\Escritorio\\Files\\Develop\\Cursos\\Node\\first-node\\src\\plugins\\uuid.plugin.ts": {"path":"C:\\Users\\crist\\Escritorio\\Files\\Develop\\Cursos\\Node\\first-node\\src\\plugins\\uuid.plugin.ts","all":false,"statementMap":{"0":{"start":{"line":1,"column":0},"end":{"line":1,"column":0}},"1":{"start":{"line":2,"column":0},"end":{"line":2,"column":36}},"2":{"start":{"line":3,"column":0},"end":{"line":3,"column":0}},"3":{"start":{"line":4,"column":0},"end":{"line":4,"column":31}},"4":{"start":{"line":5,"column":0},"end":{"line":5,"column":17}},"5":{"start":{"line":6,"column":0},"end":{"line":6,"column":2}}},"s":{"0":1,"1":1,"2":1,"3":1,"4":3,"5":3},"branchMap":{"0":{"type":"branch","line":4,"loc":{"start":{"line":4,"column":24},"end":{"line":6,"column":2}},"locations":[{"start":{"line":4,"column":24},"end":{"line":6,"column":2}}]}},"b":{"0":[3]},"fnMap":{"0":{"name":"assignId","decl":{"start":{"line":4,"column":24},"end":{"line":6,"column":2}},"loc":{"start":{"line":4,"column":24},"end":{"line":6,"column":2}},"line":4}},"f":{"0":3}}
}
