TN:
SF:src\fundations\03-callbacks.ts
FN:12,getUserById
FNF:1
FNH:1
FNDA:2,getUserById
DA:1,1
DA:2,1
DA:3,1
DA:4,1
DA:5,1
DA:6,1
DA:7,1
DA:8,1
DA:9,1
DA:10,1
DA:11,1
DA:12,1
DA:13,2
DA:14,2
DA:15,1
DA:16,1
DA:17,1
DA:18,1
LF:18
LH:18
BRDA:12,0,0,2
BRDA:14,1,0,1
BRDA:13,2,0,4
BRF:3
BRH:3
end_of_record
TN:
SF:src\fundations\05-factory.ts
FN:7,buildMakePerson
FNF:1
FNH:1
FNDA:2,buildMakePerson
DA:1,1
DA:2,1
DA:3,1
DA:4,1
DA:5,1
DA:6,1
DA:7,1
DA:8,2
DA:9,1
DA:10,1
DA:11,1
DA:12,1
DA:13,1
DA:14,1
DA:15,2
DA:16,2
LF:16
LH:16
BRDA:7,0,0,2
BRDA:8,1,0,1
BRF:2
BRH:2
end_of_record
TN:
SF:src\fundations\06-promises.ts
FN:4,getPokemonById
FNF:1
FNH:1
FNDA:3,getPokemonById
DA:1,1
DA:2,1
DA:3,1
DA:4,1
DA:5,3
DA:6,1
DA:7,1
DA:8,2
DA:9,2
DA:10,3
DA:11,1
DA:12,1
LF:12
LH:12
BRDA:4,0,0,3
BRDA:4,1,0,3
BRDA:5,2,0,1
BRDA:8,3,0,2
BRDA:10,4,0,1
BRDA:10,5,0,0
BRDA:11,6,0,1
BRF:7
BRH:6
end_of_record
TN:
SF:src\plugins\index.ts
FNF:0
FNH:0
DA:1,1
DA:2,1
DA:3,1
DA:4,1
LF:4
LH:4
BRF:0
BRH:0
end_of_record
TN:
SF:src\plugins\uuid.plugin.ts
FN:4,assignId
FNF:1
FNH:1
FNDA:3,assignId
DA:1,1
DA:2,1
DA:3,1
DA:4,1
DA:5,3
DA:6,3
LF:6
LH:6
BRDA:4,0,0,3
BRF:1
BRH:1
end_of_record
