TN:
SF:src\fundations\01-template.ts
FNF:0
FNH:0
DA:1,1
DA:2,1
DA:3,1
DA:4,1
DA:5,1
DA:6,1
LF:6
LH:6
BRF:0
BRH:0
end_of_record
TN:
SF:src\fundations\02-destructuring.ts
FNF:0
FNH:0
DA:1,1
DA:2,1
DA:3,1
DA:4,1
LF:4
LH:4
BRF:0
BRH:0
end_of_record
TN:
SF:src\fundations\03-callbacks.ts
FN:12,getUserById
FNF:1
FNH:1
FNDA:2,getUserById
DA:1,1
DA:2,1
DA:3,1
DA:4,1
DA:5,1
DA:6,1
DA:7,1
DA:8,1
DA:9,1
DA:10,1
DA:11,1
DA:12,1
DA:13,2
DA:14,2
DA:15,1
DA:16,1
DA:17,1
DA:18,1
LF:18
LH:18
BRDA:12,0,0,2
BRDA:14,1,0,1
BRDA:13,2,0,4
BRF:3
BRH:3
end_of_record
TN:
SF:src\fundations\05-factory.ts
FN:7,buildMakePerson
FNF:1
FNH:1
FNDA:2,buildMakePerson
DA:1,1
DA:2,1
DA:3,1
DA:4,1
DA:5,1
DA:6,1
DA:7,1
DA:8,2
DA:9,1
DA:10,1
DA:11,1
DA:12,1
DA:13,1
DA:14,1
DA:15,2
DA:16,2
LF:16
LH:16
BRDA:7,0,0,2
BRDA:8,1,0,1
BRF:2
BRH:2
end_of_record
TN:
SF:src\fundations\06-promises.ts
FN:4,getPokemonById
FNF:1
FNH:1
FNDA:3,getPokemonById
DA:1,1
DA:2,1
DA:3,1
DA:4,1
DA:5,3
DA:6,1
DA:7,1
DA:8,2
DA:9,2
DA:10,3
DA:11,1
DA:12,1
LF:12
LH:12
BRDA:4,0,0,3
BRDA:4,1,0,3
BRDA:5,2,0,1
BRDA:8,3,0,2
BRDA:10,4,0,1
BRDA:10,5,0,0
BRDA:11,6,0,1
BRF:7
BRH:6
end_of_record
TN:
SF:src\plugins\get-age.plugin.ts
FN:3,getAge
FNF:1
FNH:1
FNDA:3,getAge
DA:1,1
DA:2,1
DA:3,1
DA:4,3
DA:5,2
DA:6,2
LF:6
LH:6
BRDA:3,0,0,3
BRDA:4,1,0,1
BRDA:5,2,0,2
BRF:3
BRH:3
end_of_record
TN:
SF:src\plugins\http-client.plugin.ts
FN:5,get
FN:10,post
FN:15,put
FN:20,delete
FNF:4
FNH:2
FNDA:4,get
FNDA:2,post
FNDA:0,put
FNDA:0,delete
DA:1,1
DA:2,1
DA:3,1
DA:4,1
DA:5,1
DA:6,4
DA:7,4
DA:8,4
DA:9,4
DA:10,1
DA:11,2
DA:12,2
DA:13,2
DA:14,2
DA:15,1
DA:16,0
DA:17,0
DA:18,0
DA:19,0
DA:20,1
DA:21,0
DA:22,0
DA:23,0
DA:24,0
DA:25,1
LF:25
LH:17
BRDA:5,0,0,4
BRDA:6,1,0,4
BRDA:8,2,0,2
BRDA:9,3,0,1
BRDA:10,4,0,2
BRDA:11,5,0,2
BRDA:13,6,0,1
BRDA:14,7,0,1
BRF:8
BRH:8
end_of_record
TN:
SF:src\plugins\index.ts
FNF:0
FNH:0
DA:1,1
DA:2,1
DA:3,1
DA:4,1
LF:4
LH:4
BRF:0
BRH:0
end_of_record
TN:
SF:src\plugins\logger.plugin.ts
FN:25,buildLogger
FN:27,log
FN:30,error
FNF:3
FNH:3
FNDA:3,buildLogger
FNDA:1,log
FNDA:1,error
DA:1,1
DA:2,1
DA:3,1
DA:4,1
DA:5,1
DA:6,1
DA:7,1
DA:8,1
DA:9,1
DA:10,1
DA:11,1
DA:12,1
DA:13,1
DA:14,1
DA:15,1
DA:16,1
DA:17,1
DA:18,1
DA:19,1
DA:20,1
DA:21,1
DA:22,1
DA:23,1
DA:24,1
DA:25,1
DA:26,3
DA:27,3
DA:28,1
DA:29,3
DA:30,3
DA:31,1
DA:32,3
DA:33,3
DA:34,3
LF:34
LH:34
BRDA:25,0,0,3
BRDA:27,1,0,1
BRDA:30,2,0,1
BRF:3
BRH:3
end_of_record
TN:
SF:src\plugins\uuid.plugin.ts
FN:4,assignId
FNF:1
FNH:1
FNDA:3,assignId
DA:1,1
DA:2,1
DA:3,1
DA:4,1
DA:5,3
DA:6,3
LF:6
LH:6
BRDA:4,0,0,3
BRF:1
BRH:1
end_of_record
